TN:
SF:index.js
FNF:0
FNH:0
DA:1,1
DA:2,1
DA:3,1
DA:4,1
DA:5,1
DA:6,1
DA:7,1
DA:8,1
DA:9,1
DA:10,1
DA:11,1
DA:12,1
DA:13,1
DA:14,1
DA:15,1
DA:16,1
DA:17,1
DA:18,1
DA:19,1
DA:20,1
DA:21,1
DA:22,1
DA:23,1
DA:24,1
DA:25,1
DA:26,1
DA:27,1
DA:28,1
DA:29,1
DA:30,1
DA:31,1
DA:32,1
DA:33,1
DA:34,1
LF:34
LH:34
BRDA:1,0,0,1
BRF:1
BRH:1
end_of_record
TN:
SF:modules\Address.js
FN:8,Address
FN:26,<instance_members_initializer>
FN:36,get formatted
FN:48,set formatted
FN:58,get addressLines
FN:79,#parse
FN:84,parseAddress
FNF:7
FNH:7
FNDA:21,Address
FNDA:21,<instance_members_initializer>
FNDA:9,get formatted
FNDA:9,set formatted
FNDA:18,get addressLines
FNDA:10,#parse
FNDA:10,parseAddress
DA:1,1
DA:2,1
DA:3,1
DA:4,1
DA:5,1
DA:6,1
DA:7,1
DA:8,1
DA:9,21
DA:10,21
DA:11,21
DA:12,21
DA:13,10
DA:14,10
DA:15,21
DA:16,11
DA:17,21
DA:18,1
DA:19,1
DA:20,10
DA:21,10
DA:22,10
DA:23,10
DA:24,21
DA:25,1
DA:26,1
DA:27,21
DA:28,21
DA:29,21
DA:30,21
DA:31,21
DA:32,21
DA:33,21
DA:34,21
DA:35,1
DA:36,1
DA:37,9
DA:38,9
DA:39,9
DA:40,81
DA:41,81
DA:42,81
DA:43,81
DA:44,9
DA:45,9
DA:46,9
DA:47,1
DA:48,1
DA:49,9
DA:50,72
DA:51,72
DA:52,72
DA:53,72
DA:54,9
DA:55,9
DA:56,9
DA:57,1
DA:58,1
DA:59,18
DA:60,18
DA:61,18
DA:62,18
DA:63,18
DA:64,18
DA:65,18
DA:66,18
DA:67,18
DA:68,18
DA:69,18
DA:70,18
DA:71,18
DA:72,18
DA:73,18
DA:74,18
DA:75,18
DA:76,18
DA:77,18
DA:78,1
DA:79,1
DA:80,10
DA:81,1
DA:82,1
DA:83,1
DA:84,1
DA:85,10
DA:86,10
DA:87,10
DA:88,24
DA:89,24
DA:90,10
DA:91,10
DA:92,10
DA:93,10
DA:94,10
DA:95,10
DA:96,3
DA:97,3
DA:98,10
DA:99,4
DA:100,4
DA:101,4
DA:102,4
DA:103,10
DA:104,1
DA:105,1
DA:106,1
DA:107,10
DA:108,10
DA:109,1
DA:110,1
DA:111,1
DA:112,1
DA:113,1
LF:113
LH:113
BRDA:1,0,0,1
BRDA:8,1,0,21
BRDA:12,2,0,10
BRDA:15,3,0,11
BRDA:17,4,0,1
BRDA:20,5,0,10
BRDA:26,6,0,21
BRDA:36,7,0,9
BRDA:39,8,0,81
BRDA:48,9,0,9
BRDA:49,10,0,72
BRDA:58,11,0,18
BRDA:60,12,0,8
BRDA:61,13,0,0
BRDA:64,14,0,10
BRDA:66,15,0,10
BRDA:79,16,0,10
BRDA:84,17,0,10
BRDA:87,18,0,24
BRDA:95,19,0,3
BRDA:98,20,0,4
BRDA:103,21,0,1
BRF:22
BRH:21
end_of_record
TN:
SF:modules\Coupon.js
FN:7,Coupon
FN:12,<instance_members_initializer>
FNF:2
FNH:0
FNDA:0,Coupon
FNDA:0,<instance_members_initializer>
DA:1,1
DA:2,1
DA:3,1
DA:4,1
DA:5,1
DA:6,1
DA:7,1
DA:8,0
DA:9,0
DA:10,1
DA:11,1
DA:12,1
DA:13,0
DA:14,0
DA:15,0
DA:16,0
DA:17,0
DA:18,0
DA:19,0
DA:20,0
DA:21,0
DA:22,0
DA:23,0
DA:24,0
DA:25,0
DA:26,0
DA:27,0
DA:28,0
DA:29,0
DA:30,0
DA:31,0
DA:32,0
DA:33,0
DA:34,0
DA:35,0
DA:36,0
DA:37,0
DA:38,0
DA:39,0
DA:40,0
DA:41,0
DA:42,0
DA:43,0
DA:44,0
DA:45,0
DA:46,0
DA:47,1
DA:48,1
DA:49,1
DA:50,1
DA:51,1
DA:52,1
LF:52
LH:16
BRDA:1,0,0,1
BRDA:12,1,0,0
BRF:2
BRH:1
end_of_record
TN:
SF:modules\Customer.js
FN:7,Customer
FN:11,get ID
FN:14,set ID
FN:19,get firstName
FN:22,set firstName
FN:27,get lastName
FN:30,set lastName
FN:35,get email
FN:38,set email
FN:43,get address
FN:46,set address
FN:51,get phone
FN:54,set phone
FN:59,get dominos
FN:63,<instance_members_initializer>
FNF:15
FNH:0
FNDA:0,Customer
FNDA:0,get ID
FNDA:0,set ID
FNDA:0,get firstName
FNDA:0,set firstName
FNDA:0,get lastName
FNDA:0,set lastName
FNDA:0,get email
FNDA:0,set email
FNDA:0,get address
FNDA:0,set address
FNDA:0,get phone
FNDA:0,set phone
FNDA:0,get dominos
FNDA:0,<instance_members_initializer>
DA:1,1
DA:2,1
DA:3,1
DA:4,1
DA:5,1
DA:6,1
DA:7,1
DA:8,0
DA:9,0
DA:10,1
DA:11,1
DA:12,0
DA:13,0
DA:14,1
DA:15,0
DA:16,0
DA:17,0
DA:18,1
DA:19,1
DA:20,0
DA:21,0
DA:22,1
DA:23,0
DA:24,0
DA:25,0
DA:26,1
DA:27,1
DA:28,0
DA:29,0
DA:30,1
DA:31,0
DA:32,0
DA:33,0
DA:34,1
DA:35,1
DA:36,0
DA:37,0
DA:38,1
DA:39,0
DA:40,0
DA:41,0
DA:42,1
DA:43,1
DA:44,0
DA:45,0
DA:46,1
DA:47,0
DA:48,0
DA:49,0
DA:50,1
DA:51,1
DA:52,0
DA:53,0
DA:54,1
DA:55,0
DA:56,0
DA:57,0
DA:58,1
DA:59,1
DA:60,0
DA:61,0
DA:62,1
DA:63,1
DA:64,0
DA:65,0
DA:66,0
DA:67,0
DA:68,0
DA:69,0
DA:70,0
DA:71,1
DA:72,1
DA:73,1
DA:74,1
DA:75,1
DA:76,1
LF:76
LH:35
BRDA:1,0,0,1
BRDA:63,1,0,0
BRF:2
BRH:1
end_of_record
TN:
SF:modules\Item.js
FN:7,Item
FN:11,<instance_members_initializer>
FNF:2
FNH:0
FNDA:0,Item
FNDA:0,<instance_members_initializer>
DA:1,1
DA:2,1
DA:3,1
DA:4,1
DA:5,1
DA:6,1
DA:7,1
DA:8,0
DA:9,0
DA:10,1
DA:11,1
DA:12,0
DA:13,0
DA:14,0
DA:15,0
DA:16,0
DA:17,0
DA:18,0
DA:19,0
DA:20,0
DA:21,0
DA:22,0
DA:23,0
DA:24,0
DA:25,0
DA:26,0
DA:27,0
DA:28,0
DA:29,0
DA:30,0
DA:31,0
DA:32,0
DA:33,0
DA:34,0
DA:35,0
DA:36,0
DA:37,0
DA:38,0
DA:39,0
DA:40,0
DA:41,0
DA:42,0
DA:43,0
DA:44,0
DA:45,0
DA:46,0
DA:47,0
DA:48,0
DA:49,0
DA:50,0
DA:51,0
DA:52,0
DA:53,0
DA:54,0
DA:55,0
DA:56,0
DA:57,0
DA:58,1
DA:59,1
DA:60,1
DA:61,1
DA:62,1
DA:63,1
LF:63
LH:15
BRDA:1,0,0,1
BRDA:11,1,0,0
BRF:2
BRH:1
end_of_record
TN:
SF:modules\Menu.js
FN:9,Menu
FN:16,get dominos
FN:20,get parsed
FN:24,<instance_members_initializer>
FN:51,#parse
FN:84,#defineCategories
FN:129,#camelCaseKeys
FN:136,#allDescendantsToCamel
FN:154,#allGrandDescendantsToCamel
FN:165,#allParentAndGrandDescendantsToCamel
FNF:10
FNH:0
FNDA:0,Menu
FNDA:0,get dominos
FNDA:0,get parsed
FNDA:0,<instance_members_initializer>
FNDA:0,#parse
FNDA:0,#defineCategories
FNDA:0,#camelCaseKeys
FNDA:0,#allDescendantsToCamel
FNDA:0,#allGrandDescendantsToCamel
FNDA:0,#allParentAndGrandDescendantsToCamel
DA:1,1
DA:2,1
DA:3,1
DA:4,1
DA:5,1
DA:6,1
DA:7,1
DA:8,1
DA:9,1
DA:10,0
DA:11,0
DA:12,0
DA:13,0
DA:14,0
DA:15,1
DA:16,1
DA:17,0
DA:18,0
DA:19,1
DA:20,1
DA:21,0
DA:22,0
DA:23,1
DA:24,1
DA:25,0
DA:26,0
DA:27,0
DA:28,0
DA:29,0
DA:30,0
DA:31,0
DA:32,0
DA:33,0
DA:34,0
DA:35,0
DA:36,0
DA:37,0
DA:38,0
DA:39,0
DA:40,0
DA:41,0
DA:42,0
DA:43,0
DA:44,0
DA:45,0
DA:46,0
DA:47,0
DA:48,0
DA:49,0
DA:50,1
DA:51,1
DA:52,0
DA:53,0
DA:54,0
DA:55,0
DA:56,0
DA:57,0
DA:58,0
DA:59,0
DA:60,0
DA:61,0
DA:62,0
DA:63,0
DA:64,0
DA:65,0
DA:66,0
DA:67,0
DA:68,0
DA:69,0
DA:70,0
DA:71,0
DA:72,0
DA:73,0
DA:74,0
DA:75,0
DA:76,0
DA:77,0
DA:78,0
DA:79,0
DA:80,0
DA:81,0
DA:82,0
DA:83,1
DA:84,1
DA:85,0
DA:86,0
DA:87,0
DA:88,0
DA:89,0
DA:90,0
DA:91,0
DA:92,0
DA:93,0
DA:94,0
DA:95,0
DA:96,0
DA:97,0
DA:98,0
DA:99,0
DA:100,0
DA:101,0
DA:102,0
DA:103,0
DA:104,0
DA:105,0
DA:106,0
DA:107,0
DA:108,0
DA:109,0
DA:110,0
DA:111,0
DA:112,0
DA:113,0
DA:114,0
DA:115,0
DA:116,0
DA:117,0
DA:118,0
DA:119,0
DA:120,0
DA:121,0
DA:122,0
DA:123,0
DA:124,0
DA:125,0
DA:126,0
DA:127,0
DA:128,1
DA:129,1
DA:130,0
DA:131,0
DA:132,0
DA:133,0
DA:134,0
DA:135,1
DA:136,1
DA:137,0
DA:138,0
DA:139,0
DA:140,0
DA:141,0
DA:142,0
DA:143,0
DA:144,0
DA:145,0
DA:146,0
DA:147,0
DA:148,0
DA:149,0
DA:150,0
DA:151,0
DA:152,0
DA:153,1
DA:154,1
DA:155,0
DA:156,0
DA:157,0
DA:158,0
DA:159,0
DA:160,0
DA:161,0
DA:162,0
DA:163,0
DA:164,1
DA:165,1
DA:166,0
DA:167,0
DA:168,0
DA:169,0
DA:170,0
DA:171,0
DA:172,0
DA:173,0
DA:174,0
DA:175,0
DA:176,0
DA:177,0
DA:178,1
DA:179,1
DA:180,1
DA:181,1
DA:182,1
DA:183,1
DA:184,1
LF:184
LH:34
BRDA:1,0,0,1
BRDA:24,1,0,0
BRF:2
BRH:1
end_of_record
TN:
SF:modules\NearbyStores.js
FN:10,NearbyStores
FN:17,<instance_members_initializer>
FN:21,#getStores
FNF:3
FNH:3
FNDA:9,NearbyStores
FNDA:9,<instance_members_initializer>
FNDA:9,#getStores
DA:1,1
DA:2,1
DA:3,1
DA:4,1
DA:5,1
DA:6,1
DA:7,1
DA:8,1
DA:9,1
DA:10,1
DA:11,9
DA:12,9
DA:13,9
DA:14,9
DA:15,9
DA:16,1
DA:17,1
DA:18,9
DA:19,1
DA:20,1
DA:21,1
DA:22,9
DA:23,9
DA:24,9
DA:25,9
DA:26,9
DA:27,9
DA:28,9
DA:29,9
DA:30,9
DA:31,9
DA:32,9
DA:33,9
DA:34,9
DA:35,9
DA:36,9
DA:37,9
DA:38,9
DA:39,9
DA:40,9
DA:41,9
DA:42,9
DA:43,9
DA:44,9
DA:45,9
DA:46,1
DA:47,1
DA:48,1
DA:49,1
DA:50,1
DA:51,1
LF:51
LH:51
BRDA:1,0,0,1
BRDA:10,1,0,9
BRDA:17,2,0,9
BRDA:21,3,0,9
BRF:4
BRH:4
end_of_record
TN:
SF:modules\Store.js
FN:13,Store
FN:22,get info
FN:31,<instance_members_initializer>
FN:34,#init
FNF:4
FNH:0
FNDA:0,Store
FNDA:0,get info
FNDA:0,<instance_members_initializer>
FNDA:0,#init
DA:1,1
DA:2,1
DA:3,1
DA:4,1
DA:5,1
DA:6,1
DA:7,1
DA:8,1
DA:9,1
DA:10,1
DA:11,1
DA:12,1
DA:13,1
DA:14,0
DA:15,0
DA:16,0
DA:17,0
DA:18,0
DA:19,0
DA:20,0
DA:21,1
DA:22,1
DA:23,0
DA:24,0
DA:25,1
DA:26,1
DA:27,1
DA:28,1
DA:29,1
DA:30,1
DA:31,1
DA:32,1
DA:33,1
DA:34,1
DA:35,0
DA:36,0
DA:37,0
DA:38,0
DA:39,0
DA:40,0
DA:41,0
DA:42,0
DA:43,0
DA:44,0
DA:45,0
DA:46,0
DA:47,0
DA:48,0
DA:49,0
DA:50,0
DA:51,1
DA:52,1
DA:53,1
DA:54,1
DA:55,1
DA:56,1
LF:56
LH:31
BRDA:1,0,0,1
BRDA:31,1,0,0
BRF:2
BRH:1
end_of_record
TN:
SF:modules\defaultParameters.js
FN:1,defaultParameters
FNF:1
FNH:1
FNDA:21,defaultParameters
DA:1,1
DA:2,21
DA:3,11
DA:4,11
DA:5,11
DA:6,11
DA:7,10
DA:8,21
DA:9,24
DA:10,24
DA:11,24
DA:12,24
DA:13,24
DA:14,24
DA:15,10
DA:16,10
DA:17,10
DA:18,21
DA:19,1
DA:20,1
DA:21,1
DA:22,1
DA:23,1
LF:23
LH:23
BRDA:1,0,0,1
BRDA:1,1,0,21
BRDA:2,2,0,11
BRDA:7,3,0,10
BRDA:8,4,0,24
BRDA:15,5,0,10
BRF:6
BRH:6
end_of_record
TN:
SF:utils\DominosTypes.js
FN:6,test
FN:10,address
FN:14,nearbyStores
FN:18,store
FNF:4
FNH:3
FNDA:19,test
FNDA:18,address
FNDA:9,nearbyStores
FNDA:0,store
DA:1,1
DA:2,1
DA:3,1
DA:4,1
DA:5,1
DA:6,1
DA:7,19
DA:8,19
DA:9,1
DA:10,1
DA:11,18
DA:12,18
DA:13,1
DA:14,1
DA:15,9
DA:16,9
DA:17,1
DA:18,1
DA:19,0
DA:20,0
DA:21,1
DA:22,1
DA:23,1
DA:24,1
DA:25,1
DA:26,1
LF:26
LH:24
BRDA:1,0,0,1
BRDA:6,1,0,19
BRDA:10,2,0,18
BRDA:14,3,0,9
BRF:4
BRH:4
end_of_record
TN:
SF:utils\api-json.js
FN:4,post
FN:50,get
FNF:2
FNH:1
FNDA:0,post
FNDA:9,get
DA:1,1
DA:2,1
DA:3,1
DA:4,1
DA:5,0
DA:6,0
DA:7,0
DA:8,0
DA:9,0
DA:10,0
DA:11,0
DA:12,0
DA:13,0
DA:14,0
DA:15,0
DA:16,0
DA:17,0
DA:18,0
DA:19,0
DA:20,0
DA:21,0
DA:22,0
DA:23,0
DA:24,0
DA:25,0
DA:26,0
DA:27,0
DA:28,0
DA:29,0
DA:30,0
DA:31,0
DA:32,0
DA:33,0
DA:34,0
DA:35,0
DA:36,0
DA:37,0
DA:38,0
DA:39,0
DA:40,0
DA:41,0
DA:42,0
DA:43,0
DA:44,0
DA:45,0
DA:46,0
DA:47,0
DA:48,0
DA:49,1
DA:50,1
DA:51,9
DA:52,9
DA:53,9
DA:54,9
DA:55,9
DA:56,9
DA:57,9
DA:58,9
DA:59,9
DA:60,9
DA:61,9
DA:62,9
DA:63,9
DA:64,9
DA:65,9
DA:66,9
DA:67,9
DA:68,9
DA:69,9
DA:70,9
DA:71,1
DA:72,1
DA:73,1
DA:74,1
DA:75,1
DA:76,1
DA:77,1
DA:78,1
LF:78
LH:34
BRDA:1,0,0,1
BRDA:50,1,0,9
BRF:2
BRH:2
end_of_record
TN:
SF:utils\toCase.js
FN:5,toCamel
FN:10,toPascal
FNF:2
FNH:2
FNDA:74,toCamel
FNDA:104,toPascal
DA:1,1
DA:2,1
DA:3,1
DA:4,1
DA:5,1
DA:6,74
DA:7,74
DA:8,74
DA:9,1
DA:10,1
DA:11,104
DA:12,104
DA:13,104
DA:14,1
DA:15,1
DA:16,1
DA:17,1
DA:18,1
DA:19,1
DA:20,1
DA:21,1
LF:21
LH:21
BRDA:1,0,0,1
BRDA:5,1,0,74
BRDA:10,2,0,104
BRF:3
BRH:3
end_of_record
TN:
SF:utils\urls.js
FNF:0
FNH:0
DA:1,1
DA:2,1
DA:3,1
DA:4,1
DA:5,1
DA:6,1
DA:7,1
DA:8,1
DA:9,1
DA:10,1
DA:11,1
DA:12,1
DA:13,1
DA:14,1
DA:15,1
DA:16,1
DA:17,1
DA:18,1
DA:19,1
DA:20,1
LF:20
LH:20
BRDA:1,0,0,1
BRF:1
BRH:1
end_of_record
