TN:
SF:index.js
FNF:0
FNH:0
DA:1,1
DA:2,1
DA:3,1
DA:4,1
DA:5,1
DA:6,1
DA:7,1
DA:8,1
DA:9,1
DA:10,1
DA:11,1
DA:12,1
DA:13,1
DA:14,1
DA:15,1
DA:16,1
DA:17,1
DA:18,1
DA:19,1
DA:20,1
DA:21,1
DA:22,1
DA:23,1
DA:24,1
DA:25,1
DA:26,1
DA:27,1
DA:28,1
DA:29,1
DA:30,1
DA:31,1
DA:32,1
DA:33,1
DA:34,1
LF:34
LH:34
BRDA:1,0,0,1
BRF:1
BRH:1
end_of_record
TN:
SF:modules\Address.js
FN:7,Address
FN:22,get unitType
FN:25,set unitType
FN:30,get street
FN:33,set street
FN:38,get city
FN:41,set city
FN:46,get region
FN:49,set region
FN:54,get postalCode
FN:57,set postalCode
FN:62,get dominos
FN:66,<instance_members_initializer>
FN:74,get addressLines
FN:92,#parse
FN:98,parseAddress
FNF:16
FNH:16
FNDA:19,Address
FNDA:20,get unitType
FNDA:2,set unitType
FNDA:38,get street
FNDA:4,set street
FNDA:21,get city
FNDA:9,set city
FNDA:22,get region
FNDA:14,set region
FNDA:47,get postalCode
FNDA:18,set postalCode
FNDA:10,get dominos
FNDA:19,<instance_members_initializer>
FNDA:18,get addressLines
FNDA:9,#parse
FNDA:9,parseAddress
DA:1,1
DA:2,1
DA:3,1
DA:4,1
DA:5,1
DA:6,1
DA:7,1
DA:8,19
DA:9,19
DA:10,19
DA:11,10
DA:12,10
DA:13,19
DA:14,9
DA:15,9
DA:16,9
DA:17,9
DA:18,9
DA:19,9
DA:20,19
DA:21,1
DA:22,1
DA:23,20
DA:24,20
DA:25,1
DA:26,2
DA:27,2
DA:28,2
DA:29,1
DA:30,1
DA:31,38
DA:32,38
DA:33,1
DA:34,4
DA:35,4
DA:36,4
DA:37,1
DA:38,1
DA:39,21
DA:40,21
DA:41,1
DA:42,9
DA:43,9
DA:44,9
DA:45,1
DA:46,1
DA:47,22
DA:48,22
DA:49,1
DA:50,14
DA:51,14
DA:52,14
DA:53,1
DA:54,1
DA:55,47
DA:56,47
DA:57,1
DA:58,18
DA:59,18
DA:60,18
DA:61,1
DA:62,1
DA:63,10
DA:64,10
DA:65,1
DA:66,1
DA:67,19
DA:68,19
DA:69,19
DA:70,19
DA:71,19
DA:72,19
DA:73,1
DA:74,1
DA:75,18
DA:76,18
DA:77,18
DA:78,18
DA:79,18
DA:80,18
DA:81,18
DA:82,18
DA:83,18
DA:84,18
DA:85,18
DA:86,18
DA:87,18
DA:88,18
DA:89,18
DA:90,18
DA:91,1
DA:92,1
DA:93,9
DA:94,9
DA:95,1
DA:96,1
DA:97,1
DA:98,1
DA:99,9
DA:100,9
DA:101,9
DA:102,18
DA:103,18
DA:104,9
DA:105,9
DA:106,9
DA:107,9
DA:108,9
DA:109,9
DA:110,9
DA:111,9
DA:112,9
DA:113,4
DA:114,4
DA:115,9
DA:116,1
DA:117,1
DA:118,1
DA:119,1
DA:120,1
DA:121,0
DA:122,0
DA:123,1
DA:124,1
DA:125,1
DA:126,1
DA:127,1
DA:128,9
DA:129,1
DA:130,1
DA:131,1
DA:132,1
DA:133,9
DA:134,9
DA:135,9
DA:136,0
DA:137,0
DA:138,9
DA:139,1
DA:140,1
DA:141,1
DA:142,1
DA:143,1
LF:143
LH:139
BRDA:1,0,0,1
BRDA:7,1,0,19
BRDA:10,2,0,10
BRDA:13,3,0,9
BRDA:22,4,0,20
BRDA:25,5,0,2
BRDA:30,6,0,38
BRDA:33,7,0,4
BRDA:38,8,0,21
BRDA:41,9,0,9
BRDA:46,10,0,22
BRDA:49,11,0,14
BRDA:54,12,0,47
BRDA:57,13,0,18
BRDA:62,14,0,10
BRDA:66,15,0,19
BRDA:74,16,0,18
BRDA:75,17,0,16
BRDA:77,18,0,0
BRDA:79,19,0,0
BRDA:92,20,0,9
BRDA:98,21,0,9
BRDA:101,22,0,18
BRDA:112,23,0,4
BRDA:115,24,0,1
BRDA:120,25,0,0
BRDA:128,26,0,1
BRDA:135,27,0,0
BRF:28
BRH:24
end_of_record
TN:
SF:modules\Coupon.js
FN:7,Coupon
FN:12,<instance_members_initializer>
FNF:2
FNH:0
FNDA:0,Coupon
FNDA:0,<instance_members_initializer>
DA:1,1
DA:2,1
DA:3,1
DA:4,1
DA:5,1
DA:6,1
DA:7,1
DA:8,0
DA:9,0
DA:10,1
DA:11,1
DA:12,1
DA:13,0
DA:14,0
DA:15,0
DA:16,0
DA:17,0
DA:18,0
DA:19,0
DA:20,0
DA:21,0
DA:22,0
DA:23,0
DA:24,0
DA:25,0
DA:26,0
DA:27,0
DA:28,0
DA:29,0
DA:30,0
DA:31,0
DA:32,0
DA:33,0
DA:34,0
DA:35,0
DA:36,0
DA:37,0
DA:38,0
DA:39,0
DA:40,0
DA:41,0
DA:42,0
DA:43,0
DA:44,0
DA:45,0
DA:46,0
DA:47,1
DA:48,1
DA:49,1
DA:50,1
DA:51,1
DA:52,1
LF:52
LH:16
BRDA:1,0,0,1
BRDA:12,1,0,0
BRF:2
BRH:1
end_of_record
TN:
SF:modules\Customer.js
FN:7,Customer
FN:11,get ID
FN:14,set ID
FN:19,get firstName
FN:22,set firstName
FN:27,get lastName
FN:30,set lastName
FN:35,get email
FN:38,set email
FN:43,get address
FN:46,set address
FN:51,get phone
FN:54,set phone
FN:59,get dominos
FN:63,<instance_members_initializer>
FNF:15
FNH:0
FNDA:0,Customer
FNDA:0,get ID
FNDA:0,set ID
FNDA:0,get firstName
FNDA:0,set firstName
FNDA:0,get lastName
FNDA:0,set lastName
FNDA:0,get email
FNDA:0,set email
FNDA:0,get address
FNDA:0,set address
FNDA:0,get phone
FNDA:0,set phone
FNDA:0,get dominos
FNDA:0,<instance_members_initializer>
DA:1,1
DA:2,1
DA:3,1
DA:4,1
DA:5,1
DA:6,1
DA:7,1
DA:8,0
DA:9,0
DA:10,1
DA:11,1
DA:12,0
DA:13,0
DA:14,1
DA:15,0
DA:16,0
DA:17,0
DA:18,1
DA:19,1
DA:20,0
DA:21,0
DA:22,1
DA:23,0
DA:24,0
DA:25,0
DA:26,1
DA:27,1
DA:28,0
DA:29,0
DA:30,1
DA:31,0
DA:32,0
DA:33,0
DA:34,1
DA:35,1
DA:36,0
DA:37,0
DA:38,1
DA:39,0
DA:40,0
DA:41,0
DA:42,1
DA:43,1
DA:44,0
DA:45,0
DA:46,1
DA:47,0
DA:48,0
DA:49,0
DA:50,1
DA:51,1
DA:52,0
DA:53,0
DA:54,1
DA:55,0
DA:56,0
DA:57,0
DA:58,1
DA:59,1
DA:60,0
DA:61,0
DA:62,1
DA:63,1
DA:64,0
DA:65,0
DA:66,0
DA:67,0
DA:68,0
DA:69,0
DA:70,0
DA:71,1
DA:72,1
DA:73,1
DA:74,1
DA:75,1
DA:76,1
LF:76
LH:35
BRDA:1,0,0,1
BRDA:63,1,0,0
BRF:2
BRH:1
end_of_record
TN:
SF:modules\Item.js
FN:7,Item
FN:11,<instance_members_initializer>
FNF:2
FNH:0
FNDA:0,Item
FNDA:0,<instance_members_initializer>
DA:1,1
DA:2,1
DA:3,1
DA:4,1
DA:5,1
DA:6,1
DA:7,1
DA:8,0
DA:9,0
DA:10,1
DA:11,1
DA:12,0
DA:13,0
DA:14,0
DA:15,0
DA:16,0
DA:17,0
DA:18,0
DA:19,0
DA:20,0
DA:21,0
DA:22,0
DA:23,0
DA:24,0
DA:25,0
DA:26,0
DA:27,0
DA:28,0
DA:29,0
DA:30,0
DA:31,0
DA:32,0
DA:33,0
DA:34,0
DA:35,0
DA:36,0
DA:37,0
DA:38,0
DA:39,0
DA:40,0
DA:41,0
DA:42,0
DA:43,0
DA:44,0
DA:45,0
DA:46,0
DA:47,0
DA:48,0
DA:49,0
DA:50,0
DA:51,0
DA:52,0
DA:53,0
DA:54,0
DA:55,0
DA:56,0
DA:57,0
DA:58,0
DA:59,0
DA:60,0
DA:61,1
DA:62,1
DA:63,1
DA:64,1
DA:65,1
DA:66,1
LF:66
LH:15
BRDA:1,0,0,1
BRDA:11,1,0,0
BRF:2
BRH:1
end_of_record
TN:
SF:modules\Menu.js
FN:8,Menu
FN:14,get menu
FN:18,<instance_members_initializer>
FNF:3
FNH:3
FNDA:4,Menu
FNDA:38,get menu
FNDA:4,<instance_members_initializer>
DA:1,1
DA:2,1
DA:3,1
DA:4,1
DA:5,1
DA:6,1
DA:7,1
DA:8,1
DA:9,4
DA:10,4
DA:11,4
DA:12,4
DA:13,1
DA:14,1
DA:15,38
DA:16,38
DA:17,1
DA:18,1
DA:19,1
DA:20,1
DA:21,1
DA:22,1
DA:23,1
DA:24,1
DA:25,1
LF:25
LH:25
BRDA:1,0,0,1
BRDA:8,1,0,4
BRDA:14,2,0,38
BRDA:18,3,0,4
BRF:4
BRH:4
end_of_record
TN:
SF:modules\NearbyStores.js
FN:9,NearbyStores
FN:17,<instance_members_initializer>
FN:20,get stores
FN:26,#getStores
FNF:4
FNH:4
FNDA:9,NearbyStores
FNDA:9,<instance_members_initializer>
FNDA:17,get stores
FNDA:9,#getStores
DA:1,1
DA:2,1
DA:3,1
DA:4,1
DA:5,1
DA:6,1
DA:7,1
DA:8,1
DA:9,1
DA:10,9
DA:11,9
DA:12,9
DA:13,9
DA:14,9
DA:15,9
DA:16,1
DA:17,1
DA:18,9
DA:19,9
DA:20,9
DA:21,17
DA:22,17
DA:23,9
DA:24,1
DA:25,1
DA:26,1
DA:27,9
DA:28,9
DA:29,9
DA:30,9
DA:31,9
DA:32,9
DA:33,9
DA:34,9
DA:35,9
DA:36,9
DA:37,9
DA:38,9
DA:39,9
DA:40,9
DA:41,9
DA:42,9
DA:43,9
DA:44,9
DA:45,9
DA:46,9
DA:47,9
DA:48,9
DA:49,1
DA:50,1
DA:51,1
DA:52,1
DA:53,1
DA:54,1
LF:54
LH:54
BRDA:1,0,0,1
BRDA:9,1,0,9
BRDA:17,2,0,9
BRDA:20,3,0,17
BRDA:26,4,0,9
BRF:5
BRH:5
end_of_record
TN:
SF:modules\Store.js
FN:13,Store
FN:22,get info
FN:26,get menu
FN:30,<instance_members_initializer>
FN:33,#init
FNF:5
FNH:5
FNDA:9,Store
FNDA:36,get info
FNDA:38,get menu
FNDA:9,<instance_members_initializer>
FNDA:5,#init
DA:1,1
DA:2,1
DA:3,1
DA:4,1
DA:5,1
DA:6,1
DA:7,1
DA:8,1
DA:9,1
DA:10,1
DA:11,1
DA:12,1
DA:13,1
DA:14,9
DA:15,9
DA:16,4
DA:17,4
DA:18,5
DA:19,5
DA:20,9
DA:21,1
DA:22,1
DA:23,36
DA:24,36
DA:25,1
DA:26,1
DA:27,38
DA:28,38
DA:29,1
DA:30,1
DA:31,9
DA:32,1
DA:33,1
DA:34,5
DA:35,5
DA:36,5
DA:37,5
DA:38,4
DA:39,4
DA:40,4
DA:41,4
DA:42,4
DA:43,4
DA:44,4
DA:45,4
DA:46,4
DA:47,4
DA:48,4
DA:49,5
DA:50,1
DA:51,1
DA:52,1
DA:53,1
DA:54,1
DA:55,1
LF:55
LH:55
BRDA:1,0,0,1
BRDA:13,1,0,9
BRDA:15,2,0,5
BRDA:15,3,0,4
BRDA:18,4,0,5
BRDA:22,5,0,36
BRDA:26,6,0,38
BRDA:30,7,0,9
BRDA:33,8,0,5
BRDA:38,9,0,4
BRF:10
BRH:10
end_of_record
TN:
SF:modules\defaultParameters.js
FN:1,defaultParameters
FNF:1
FNH:1
FNDA:19,defaultParameters
DA:1,1
DA:2,19
DA:3,19
DA:4,0
DA:5,0
DA:6,0
DA:7,19
DA:8,19
DA:9,9
DA:10,9
DA:11,9
DA:12,9
DA:13,10
DA:14,19
DA:15,27
DA:16,27
DA:17,27
DA:18,27
DA:19,27
DA:20,0
DA:21,0
DA:22,27
DA:23,27
DA:24,27
DA:25,10
DA:26,10
DA:27,10
DA:28,19
DA:29,1
DA:30,1
DA:31,1
DA:32,1
DA:33,1
LF:33
LH:28
BRDA:1,0,0,1
BRDA:1,1,0,19
BRDA:3,2,0,0
BRDA:8,3,0,9
BRDA:13,4,0,10
BRDA:14,5,0,27
BRDA:19,6,0,0
BRDA:25,7,0,10
BRF:8
BRH:6
end_of_record
TN:
SF:utils\DominosTypes.js
FN:6,test
FN:10,address
FN:14,nearbyStores
FN:18,store
FNF:4
FNH:4
FNDA:21,test
FNDA:20,address
FNDA:8,nearbyStores
FNDA:4,store
DA:1,1
DA:2,1
DA:3,1
DA:4,1
DA:5,1
DA:6,1
DA:7,21
DA:8,21
DA:9,1
DA:10,1
DA:11,20
DA:12,20
DA:13,1
DA:14,1
DA:15,8
DA:16,8
DA:17,1
DA:18,1
DA:19,4
DA:20,4
DA:21,1
DA:22,1
DA:23,1
DA:24,1
DA:25,1
DA:26,1
LF:26
LH:26
BRDA:1,0,0,1
BRDA:6,1,0,21
BRDA:10,2,0,20
BRDA:14,3,0,8
BRDA:18,4,0,4
BRF:5
BRH:5
end_of_record
TN:
SF:utils\api-json.js
FN:4,post
FN:50,get
FNF:2
FNH:1
FNDA:0,post
FNDA:18,get
DA:1,1
DA:2,1
DA:3,1
DA:4,1
DA:5,0
DA:6,0
DA:7,0
DA:8,0
DA:9,0
DA:10,0
DA:11,0
DA:12,0
DA:13,0
DA:14,0
DA:15,0
DA:16,0
DA:17,0
DA:18,0
DA:19,0
DA:20,0
DA:21,0
DA:22,0
DA:23,0
DA:24,0
DA:25,0
DA:26,0
DA:27,0
DA:28,0
DA:29,0
DA:30,0
DA:31,0
DA:32,0
DA:33,0
DA:34,0
DA:35,0
DA:36,0
DA:37,0
DA:38,0
DA:39,0
DA:40,0
DA:41,0
DA:42,0
DA:43,0
DA:44,0
DA:45,0
DA:46,0
DA:47,0
DA:48,0
DA:49,1
DA:50,1
DA:51,18
DA:52,18
DA:53,18
DA:54,18
DA:55,18
DA:56,18
DA:57,18
DA:58,18
DA:59,18
DA:60,18
DA:61,18
DA:62,18
DA:63,18
DA:64,18
DA:65,18
DA:66,18
DA:67,18
DA:68,17
DA:69,17
DA:70,18
DA:71,1
DA:72,1
DA:73,1
DA:74,1
DA:75,1
DA:76,1
DA:77,1
DA:78,1
LF:78
LH:34
BRDA:1,0,0,1
BRDA:50,1,0,18
BRDA:68,2,0,17
BRF:3
BRH:3
end_of_record
TN:
SF:utils\urls.js
FNF:0
FNH:0
DA:1,1
DA:2,1
DA:3,1
DA:4,1
DA:5,1
DA:6,1
DA:7,1
DA:8,1
DA:9,1
DA:10,1
DA:11,1
DA:12,1
DA:13,1
DA:14,1
DA:15,1
DA:16,1
DA:17,1
DA:18,1
DA:19,1
DA:20,1
LF:20
LH:20
BRDA:1,0,0,1
BRF:1
BRH:1
end_of_record
